c:\jan\cse senior\data\xml-editor\guids\x64\debug\vc143.pdb
c:\jan\cse senior\data\xml-editor\guids\x64\debug\.netframework,version=v4.7.2.assemblyattributes.obj
c:\jan\cse senior\data\xml-editor\guids\x64\debug\myform1.obj
c:\jan\cse senior\data\xml-editor\guids\x64\debug\myform.obj
c:\jan\cse senior\data\xml-editor\guids\x64\debug\guids.exe
c:\jan\cse senior\data\xml-editor\guids\x64\debug\guids.vcxproj.assemblyreference.cache
c:\jan\cse senior\data\xml-editor\guids\x64\debug\guids.vcxproj.cppwinrt_comp.cache
c:\jan\cse senior\data\xml-editor\guids\x64\debug\guids.vcxproj.cppwinrt_plat.cache
c:\jan\cse senior\data\xml-editor\guids\x64\debug\guids.vcxproj.generateresource.cache
c:\jan\cse senior\data\xml-editor\guids\x64\debug\guids.vcxproj.mdmergeinputs.cache
c:\jan\cse senior\data\xml-editor\guids\x64\debug\guids.myform.aa.resources
c:\jan\cse senior\data\xml-editor\guids\x64\debug\guids.myform.resources
c:\jan\cse senior\data\xml-editor\guids\x64\debug\guids.myform1.resources
c:\jan\cse senior\data\xml-editor\guids\x64\debug\guids.vcxproj.cppwinrt_comp.rsp
c:\jan\cse senior\data\xml-editor\guids\x64\debug\guids.vcxproj.cppwinrt_plat.rsp
c:\jan\cse senior\data\xml-editor\guids\x64\debug\guids.vcxproj.mdmerge.rsp
c:\jan\cse senior\data\xml-editor\guids\x64\debug\guids.vcxproj.midlrt.rsp
c:\jan\cse senior\data\xml-editor\guids\x64\debug\guids.tlog\cl.command.1.tlog
c:\jan\cse senior\data\xml-editor\guids\x64\debug\guids.tlog\cl.read.1.tlog
c:\jan\cse senior\data\xml-editor\guids\x64\debug\guids.tlog\cl.write.1.tlog
c:\jan\cse senior\data\xml-editor\guids\x64\debug\guids.tlog\link.command.1.tlog
c:\jan\cse senior\data\xml-editor\guids\x64\debug\guids.tlog\link.read.1.tlog
c:\jan\cse senior\data\xml-editor\guids\x64\debug\guids.tlog\link.write.1.tlog
c:\jan\cse senior\data\xml-editor\guids\x64\debug\guids.tlog\metagen.read.1.tlog
c:\jan\cse senior\data\xml-editor\guids\x64\debug\guids.tlog\metagen.write.1.tlog
c:\jan\cse senior\data\xml-editor\guids\x64\debug\guids.tlog\resgen.command.1.tlog
c:\jan\cse senior\data\xml-editor\guids\x64\debug\guids.tlog\resgen.read.1.tlog
c:\jan\cse senior\data\xml-editor\guids\x64\debug\guids.tlog\resgen.write.1.tlog
